[0m11:11:17.624783 [debug] [MainThread]: Sending event: {'category': 'dbt', 'action': 'invocation', 'label': 'start', 'context': [<snowplow_tracker.self_describing_json.SelfDescribingJson object at 0x000001D9086300B0>, <snowplow_tracker.self_describing_json.SelfDescribingJson object at 0x000001D90AD77980>, <snowplow_tracker.self_describing_json.SelfDescribingJson object at 0x000001D90AF275C0>]}


============================== 11:11:17.632053 | 9b25dadd-6c7e-4093-bef2-213d10aca1a0 ==============================
[0m11:11:17.632053 [info ] [MainThread]: Running with dbt=1.8.3
[0m11:11:17.633959 [debug] [MainThread]: running dbt with arguments {'printer_width': '80', 'indirect_selection': 'eager', 'write_json': 'True', 'log_cache_events': 'False', 'partial_parse': 'True', 'cache_selected_only': 'False', 'warn_error': 'None', 'version_check': 'True', 'profiles_dir': 'C:\\Users\\HP\\.dbt', 'log_path': 'logs', 'fail_fast': 'False', 'debug': 'False', 'use_colors': 'True', 'use_experimental_parser': 'False', 'no_print': 'None', 'quiet': 'False', 'empty': 'None', 'warn_error_options': 'WarnErrorOptions(include=[], exclude=[])', 'invocation_command': 'dbt init', 'introspect': 'True', 'log_format': 'default', 'target_path': 'None', 'static_parser': 'True', 'send_anonymous_usage_stats': 'True'}
[0m11:12:04.655158 [debug] [MainThread]: Starter project path: C:\Users\HP\OneDrive\Desktop\dbt_snow\dbt_snowflake\dbt-env\Lib\site-packages\dbt\include\starter_project
[0m11:12:04.700507 [info ] [MainThread]: 
Your new dbt project "snow_project" was created!

For more information on how to configure the profiles.yml file,
please consult the dbt documentation here:

  https://docs.getdbt.com/docs/configure-your-profile

One more thing:

Need help? Don't hesitate to reach out to us via GitHub issues or on Slack:

  https://community.getdbt.com/

Happy modeling!

[0m11:12:04.706662 [info ] [MainThread]: Setting up your profile.
[0m11:16:05.940967 [info ] [MainThread]: Profile snow_project written to C:\Users\HP\.dbt\profiles.yml using target's profile_template.yml and your supplied values. Run 'dbt debug' to validate the connection.
[0m11:16:05.943206 [debug] [MainThread]: Command `dbt init` succeeded at 11:16:05.943206 after 288.49 seconds
[0m11:16:05.943206 [debug] [MainThread]: Sending event: {'category': 'dbt', 'action': 'invocation', 'label': 'end', 'context': [<snowplow_tracker.self_describing_json.SelfDescribingJson object at 0x000001D90A2A3D70>, <snowplow_tracker.self_describing_json.SelfDescribingJson object at 0x000001D90B7112B0>, <snowplow_tracker.self_describing_json.SelfDescribingJson object at 0x000001D90B690CE0>]}
[0m11:16:05.943206 [debug] [MainThread]: Flushing usage events
[0m11:16:58.339466 [debug] [MainThread]: Sending event: {'category': 'dbt', 'action': 'invocation', 'label': 'start', 'context': [<snowplow_tracker.self_describing_json.SelfDescribingJson object at 0x000001E416B8ADB0>, <snowplow_tracker.self_describing_json.SelfDescribingJson object at 0x000001E413C4FF20>, <snowplow_tracker.self_describing_json.SelfDescribingJson object at 0x000001E416B6B8F0>]}


============================== 11:16:58.339965 | 6ec7f78d-936b-414b-9507-77af0dd95aa9 ==============================
[0m11:16:58.339965 [info ] [MainThread]: Running with dbt=1.8.3
[0m11:16:58.339965 [debug] [MainThread]: running dbt with arguments {'printer_width': '80', 'indirect_selection': 'eager', 'log_cache_events': 'False', 'write_json': 'True', 'partial_parse': 'True', 'cache_selected_only': 'False', 'warn_error': 'None', 'fail_fast': 'False', 'debug': 'False', 'log_path': 'logs', 'version_check': 'True', 'profiles_dir': 'C:\\Users\\HP\\.dbt', 'use_colors': 'True', 'use_experimental_parser': 'False', 'no_print': 'None', 'quiet': 'False', 'empty': 'None', 'log_format': 'default', 'introspect': 'True', 'static_parser': 'True', 'invocation_command': 'dbt debug', 'target_path': 'None', 'warn_error_options': 'WarnErrorOptions(include=[], exclude=[])', 'send_anonymous_usage_stats': 'True'}
[0m11:16:58.368428 [info ] [MainThread]: dbt version: 1.8.3
[0m11:16:58.368428 [info ] [MainThread]: python version: 3.12.4
[0m11:16:58.368428 [info ] [MainThread]: python path: C:\Users\HP\OneDrive\Desktop\dbt_snow\dbt_snowflake\dbt-env\Scripts\python.exe
[0m11:16:58.375079 [info ] [MainThread]: os info: Windows-10-10.0.19045-SP0
[0m11:16:58.749934 [info ] [MainThread]: Using profiles dir at C:\Users\HP\.dbt
[0m11:16:58.749934 [info ] [MainThread]: Using profiles.yml file at C:\Users\HP\.dbt\profiles.yml
[0m11:16:58.753685 [info ] [MainThread]: Using dbt_project.yml file at C:\Users\HP\OneDrive\Desktop\dbt_snow\dbt_snowflake\dbt_project.yml
[0m11:16:58.756133 [info ] [MainThread]: adapter type: snowflake
[0m11:16:58.756133 [info ] [MainThread]: adapter version: 1.8.3
[0m11:16:58.757883 [info ] [MainThread]: Configuration:
[0m11:16:58.759114 [info ] [MainThread]:   profiles.yml file [[32mOK found and valid[0m]
[0m11:16:58.759720 [info ] [MainThread]:   dbt_project.yml file [[31mERROR not found[0m]
[0m11:16:58.761823 [info ] [MainThread]: Required dependencies:
[0m11:16:58.765628 [debug] [MainThread]: Executing "git --help"
[0m11:16:58.808366 [debug] [MainThread]: STDOUT: "b"usage: git [-v | --version] [-h | --help] [-C <path>] [-c <name>=<value>]\n           [--exec-path[=<path>]] [--html-path] [--man-path] [--info-path]\n           [-p | --paginate | -P | --no-pager] [--no-replace-objects] [--bare]\n           [--git-dir=<path>] [--work-tree=<path>] [--namespace=<name>]\n           [--config-env=<name>=<envvar>] <command> [<args>]\n\nThese are common Git commands used in various situations:\n\nstart a working area (see also: git help tutorial)\n   clone     Clone a repository into a new directory\n   init      Create an empty Git repository or reinitialize an existing one\n\nwork on the current change (see also: git help everyday)\n   add       Add file contents to the index\n   mv        Move or rename a file, a directory, or a symlink\n   restore   Restore working tree files\n   rm        Remove files from the working tree and from the index\n\nexamine the history and state (see also: git help revisions)\n   bisect    Use binary search to find the commit that introduced a bug\n   diff      Show changes between commits, commit and working tree, etc\n   grep      Print lines matching a pattern\n   log       Show commit logs\n   show      Show various types of objects\n   status    Show the working tree status\n\ngrow, mark and tweak your common history\n   branch    List, create, or delete branches\n   commit    Record changes to the repository\n   merge     Join two or more development histories together\n   rebase    Reapply commits on top of another base tip\n   reset     Reset current HEAD to the specified state\n   switch    Switch branches\n   tag       Create, list, delete or verify a tag object signed with GPG\n\ncollaborate (see also: git help workflows)\n   fetch     Download objects and refs from another repository\n   pull      Fetch from and integrate with another repository or a local branch\n   push      Update remote refs along with associated objects\n\n'git help -a' and 'git help -g' list available subcommands and some\nconcept guides. See 'git help <command>' or 'git help <concept>'\nto read about a specific subcommand or concept.\nSee 'git help git' for an overview of the system.\n""
[0m11:16:58.808366 [debug] [MainThread]: STDERR: "b''"
[0m11:16:58.810278 [info ] [MainThread]:  - git [[32mOK found[0m]

[0m11:16:58.810278 [info ] [MainThread]: Connection:
[0m11:16:58.810278 [info ] [MainThread]:   account: tjisgpp-sm66144
[0m11:16:58.810278 [info ] [MainThread]:   user: PD
[0m11:16:58.810278 [info ] [MainThread]:   database: DEVIN
[0m11:16:58.815055 [info ] [MainThread]:   warehouse: COMPUTE_WH
[0m11:16:58.816598 [info ] [MainThread]:   role: DEVRAW
[0m11:16:58.817783 [info ] [MainThread]:   schema: Falcon
[0m11:16:58.820568 [info ] [MainThread]:   authenticator: None
[0m11:16:58.824192 [info ] [MainThread]:   oauth_client_id: None
[0m11:16:58.825367 [info ] [MainThread]:   query_tag: None
[0m11:16:58.826490 [info ] [MainThread]:   client_session_keep_alive: False
[0m11:16:58.827002 [info ] [MainThread]:   host: None
[0m11:16:58.827547 [info ] [MainThread]:   port: None
[0m11:16:58.828042 [info ] [MainThread]:   proxy_host: None
[0m11:16:58.829148 [info ] [MainThread]:   proxy_port: None
[0m11:16:58.830444 [info ] [MainThread]:   protocol: None
[0m11:16:58.831227 [info ] [MainThread]:   connect_retries: 1
[0m11:16:58.832560 [info ] [MainThread]:   connect_timeout: None
[0m11:16:58.833506 [info ] [MainThread]:   retry_on_database_errors: False
[0m11:16:58.834007 [info ] [MainThread]:   retry_all: False
[0m11:16:58.838562 [info ] [MainThread]:   insecure_mode: False
[0m11:16:58.838562 [info ] [MainThread]:   reuse_connections: None
[0m11:16:58.841861 [info ] [MainThread]: Registered adapter: snowflake=1.8.3
[0m11:16:58.843326 [debug] [MainThread]: Acquiring new snowflake connection 'debug'
[0m11:16:58.843326 [debug] [MainThread]: Using snowflake connection "debug"
[0m11:16:58.845072 [debug] [MainThread]: On debug: select 1 as id
[0m11:16:58.845523 [debug] [MainThread]: Opening a new connection, currently in state init
[0m11:17:01.865601 [debug] [MainThread]: SQL status: SUCCESS 1 in 3.027 seconds
[0m11:17:01.865601 [debug] [MainThread]: On debug: Close
[0m11:17:01.964794 [info ] [MainThread]:   Connection test: [[32mOK connection ok[0m]

[0m11:17:01.964794 [info ] [MainThread]: [31m1 check failed:[0m
[0m11:17:01.964794 [info ] [MainThread]: Project loading failed for the following reason:
 project path <C:\Users\HP\OneDrive\Desktop\dbt_snow\dbt_snowflake\dbt_project.yml> not found

[0m11:17:01.983009 [debug] [MainThread]: Command `dbt debug` failed at 11:17:01.982401 after 3.78 seconds
[0m11:17:01.983068 [debug] [MainThread]: Connection 'debug' was properly closed.
[0m11:17:01.983941 [debug] [MainThread]: Sending event: {'category': 'dbt', 'action': 'invocation', 'label': 'end', 'context': [<snowplow_tracker.self_describing_json.SelfDescribingJson object at 0x000001E413C4FF20>, <snowplow_tracker.self_describing_json.SelfDescribingJson object at 0x000001E4175279E0>, <snowplow_tracker.self_describing_json.SelfDescribingJson object at 0x000001E41720AD20>]}
[0m11:17:01.984598 [debug] [MainThread]: Flushing usage events
[0m12:30:41.790903 [debug] [MainThread]: Sending event: {'category': 'dbt', 'action': 'invocation', 'label': 'start', 'context': [<snowplow_tracker.self_describing_json.SelfDescribingJson object at 0x000001EDC546A510>, <snowplow_tracker.self_describing_json.SelfDescribingJson object at 0x000001EDCB215A90>, <snowplow_tracker.self_describing_json.SelfDescribingJson object at 0x000001EDCB216510>]}


============================== 12:30:41.790903 | 09cf9824-e623-40a5-be4e-6e91158efc6b ==============================
[0m12:30:41.790903 [info ] [MainThread]: Running with dbt=1.8.3
[0m12:30:41.790903 [debug] [MainThread]: running dbt with arguments {'printer_width': '80', 'indirect_selection': 'eager', 'log_cache_events': 'False', 'write_json': 'True', 'partial_parse': 'True', 'cache_selected_only': 'False', 'warn_error': 'None', 'debug': 'False', 'profiles_dir': 'C:\\Users\\HP\\.dbt', 'log_path': 'logs', 'version_check': 'True', 'fail_fast': 'False', 'use_colors': 'True', 'use_experimental_parser': 'False', 'empty': 'None', 'quiet': 'False', 'no_print': 'None', 'warn_error_options': 'WarnErrorOptions(include=[], exclude=[])', 'invocation_command': 'dbt seed --full-refresh', 'introspect': 'True', 'log_format': 'default', 'target_path': 'None', 'static_parser': 'True', 'send_anonymous_usage_stats': 'True'}
[0m12:30:41.790903 [error] [MainThread]: Encountered an error:
Runtime Error
  No dbt_project.yml found at expected path C:\Users\HP\OneDrive\Desktop\dbt_snow\dbt_snowflake\dbt_project.yml
  Verify that each entry within packages.yml (and their transitive dependencies) contains a file named dbt_project.yml
  
[0m12:30:41.802083 [debug] [MainThread]: Command `dbt seed` failed at 12:30:41.802083 after 0.17 seconds
[0m12:30:41.802083 [debug] [MainThread]: Sending event: {'category': 'dbt', 'action': 'invocation', 'label': 'end', 'context': [<snowplow_tracker.self_describing_json.SelfDescribingJson object at 0x000001EDCB84AE70>, <snowplow_tracker.self_describing_json.SelfDescribingJson object at 0x000001EDCB9FF230>, <snowplow_tracker.self_describing_json.SelfDescribingJson object at 0x000001EDC546A510>]}
[0m12:30:41.802083 [debug] [MainThread]: Flushing usage events
[0m12:31:22.057951 [debug] [MainThread]: Sending event: {'category': 'dbt', 'action': 'invocation', 'label': 'start', 'context': [<snowplow_tracker.self_describing_json.SelfDescribingJson object at 0x0000018D92BFE270>, <snowplow_tracker.self_describing_json.SelfDescribingJson object at 0x0000018D92BFF800>, <snowplow_tracker.self_describing_json.SelfDescribingJson object at 0x0000018D92BFF290>]}


============================== 12:31:22.057951 | 61268484-bba4-458a-b38a-ac7564fbdb80 ==============================
[0m12:31:22.057951 [info ] [MainThread]: Running with dbt=1.8.3
[0m12:31:22.063897 [debug] [MainThread]: running dbt with arguments {'printer_width': '80', 'indirect_selection': 'eager', 'log_cache_events': 'False', 'write_json': 'True', 'partial_parse': 'True', 'cache_selected_only': 'False', 'profiles_dir': 'C:\\Users\\HP\\.dbt', 'version_check': 'True', 'fail_fast': 'False', 'log_path': 'logs', 'debug': 'False', 'warn_error': 'None', 'use_colors': 'True', 'use_experimental_parser': 'False', 'no_print': 'None', 'quiet': 'False', 'empty': 'None', 'log_format': 'default', 'introspect': 'True', 'invocation_command': 'dbt deps', 'warn_error_options': 'WarnErrorOptions(include=[], exclude=[])', 'target_path': 'None', 'static_parser': 'True', 'send_anonymous_usage_stats': 'True'}
[0m12:31:22.064390 [error] [MainThread]: Encountered an error:
Runtime Error
  No dbt_project.yml found at expected path C:\Users\HP\OneDrive\Desktop\dbt_snow\dbt_snowflake\dbt_project.yml
  Verify that each entry within packages.yml (and their transitive dependencies) contains a file named dbt_project.yml
  
[0m12:31:22.067588 [debug] [MainThread]: Command `dbt deps` failed at 12:31:22.067588 after 0.11 seconds
[0m12:31:22.067588 [debug] [MainThread]: Sending event: {'category': 'dbt', 'action': 'invocation', 'label': 'end', 'context': [<snowplow_tracker.self_describing_json.SelfDescribingJson object at 0x0000018D92A4E270>, <snowplow_tracker.self_describing_json.SelfDescribingJson object at 0x0000018D924C6060>, <snowplow_tracker.self_describing_json.SelfDescribingJson object at 0x0000018D8CE20FE0>]}
[0m12:31:22.067588 [debug] [MainThread]: Flushing usage events
[0m12:32:01.636510 [debug] [MainThread]: Sending event: {'category': 'dbt', 'action': 'invocation', 'label': 'start', 'context': [<snowplow_tracker.self_describing_json.SelfDescribingJson object at 0x000001E48AC935C0>, <snowplow_tracker.self_describing_json.SelfDescribingJson object at 0x000001E48CBF6ED0>, <snowplow_tracker.self_describing_json.SelfDescribingJson object at 0x000001E48CBF7C20>]}


============================== 12:32:01.636510 | 0834cd8c-be40-4e53-9a6e-36ebeb715c40 ==============================
[0m12:32:01.636510 [info ] [MainThread]: Running with dbt=1.8.3
[0m12:32:01.642950 [debug] [MainThread]: running dbt with arguments {'printer_width': '80', 'indirect_selection': 'eager', 'write_json': 'True', 'log_cache_events': 'False', 'partial_parse': 'True', 'cache_selected_only': 'False', 'profiles_dir': 'C:\\Users\\HP\\.dbt', 'debug': 'False', 'fail_fast': 'False', 'log_path': 'logs', 'warn_error': 'None', 'version_check': 'True', 'use_colors': 'True', 'use_experimental_parser': 'False', 'no_print': 'None', 'quiet': 'False', 'empty': 'None', 'log_format': 'default', 'invocation_command': 'dbt debug', 'static_parser': 'True', 'introspect': 'True', 'target_path': 'None', 'warn_error_options': 'WarnErrorOptions(include=[], exclude=[])', 'send_anonymous_usage_stats': 'True'}
[0m12:32:01.647911 [info ] [MainThread]: dbt version: 1.8.3
[0m12:32:01.647911 [info ] [MainThread]: python version: 3.12.4
[0m12:32:01.663757 [info ] [MainThread]: python path: C:\Users\HP\OneDrive\Desktop\dbt_snow\dbt_snowflake\dbt-env\Scripts\python.exe
[0m12:32:01.664911 [info ] [MainThread]: os info: Windows-10-10.0.19045-SP0
[0m12:32:02.005758 [info ] [MainThread]: Using profiles dir at C:\Users\HP\.dbt
[0m12:32:02.005758 [info ] [MainThread]: Using profiles.yml file at C:\Users\HP\.dbt\profiles.yml
[0m12:32:02.005758 [info ] [MainThread]: Using dbt_project.yml file at C:\Users\HP\OneDrive\Desktop\dbt_snow\dbt_snowflake\dbt_project.yml
[0m12:32:02.017212 [info ] [MainThread]: adapter type: snowflake
[0m12:32:02.017212 [info ] [MainThread]: adapter version: 1.8.3
[0m12:32:02.017212 [info ] [MainThread]: Configuration:
[0m12:32:02.020060 [info ] [MainThread]:   profiles.yml file [[32mOK found and valid[0m]
[0m12:32:02.021430 [info ] [MainThread]:   dbt_project.yml file [[31mERROR not found[0m]
[0m12:32:02.022743 [info ] [MainThread]: Required dependencies:
[0m12:32:02.023681 [debug] [MainThread]: Executing "git --help"
[0m12:32:02.061386 [debug] [MainThread]: STDOUT: "b"usage: git [-v | --version] [-h | --help] [-C <path>] [-c <name>=<value>]\n           [--exec-path[=<path>]] [--html-path] [--man-path] [--info-path]\n           [-p | --paginate | -P | --no-pager] [--no-replace-objects] [--bare]\n           [--git-dir=<path>] [--work-tree=<path>] [--namespace=<name>]\n           [--config-env=<name>=<envvar>] <command> [<args>]\n\nThese are common Git commands used in various situations:\n\nstart a working area (see also: git help tutorial)\n   clone     Clone a repository into a new directory\n   init      Create an empty Git repository or reinitialize an existing one\n\nwork on the current change (see also: git help everyday)\n   add       Add file contents to the index\n   mv        Move or rename a file, a directory, or a symlink\n   restore   Restore working tree files\n   rm        Remove files from the working tree and from the index\n\nexamine the history and state (see also: git help revisions)\n   bisect    Use binary search to find the commit that introduced a bug\n   diff      Show changes between commits, commit and working tree, etc\n   grep      Print lines matching a pattern\n   log       Show commit logs\n   show      Show various types of objects\n   status    Show the working tree status\n\ngrow, mark and tweak your common history\n   branch    List, create, or delete branches\n   commit    Record changes to the repository\n   merge     Join two or more development histories together\n   rebase    Reapply commits on top of another base tip\n   reset     Reset current HEAD to the specified state\n   switch    Switch branches\n   tag       Create, list, delete or verify a tag object signed with GPG\n\ncollaborate (see also: git help workflows)\n   fetch     Download objects and refs from another repository\n   pull      Fetch from and integrate with another repository or a local branch\n   push      Update remote refs along with associated objects\n\n'git help -a' and 'git help -g' list available subcommands and some\nconcept guides. See 'git help <command>' or 'git help <concept>'\nto read about a specific subcommand or concept.\nSee 'git help git' for an overview of the system.\n""
[0m12:32:02.061386 [debug] [MainThread]: STDERR: "b''"
[0m12:32:02.061386 [info ] [MainThread]:  - git [[32mOK found[0m]

[0m12:32:02.066744 [info ] [MainThread]: Connection:
[0m12:32:02.069295 [info ] [MainThread]:   account: tjisgpp-sm66144
[0m12:32:02.069295 [info ] [MainThread]:   user: PD
[0m12:32:02.070749 [info ] [MainThread]:   database: DEVIN
[0m12:32:02.072368 [info ] [MainThread]:   warehouse: COMPUTE_WH
[0m12:32:02.072368 [info ] [MainThread]:   role: DEVRAW
[0m12:32:02.075544 [info ] [MainThread]:   schema: Falcon
[0m12:32:02.076156 [info ] [MainThread]:   authenticator: None
[0m12:32:02.078628 [info ] [MainThread]:   oauth_client_id: None
[0m12:32:02.080143 [info ] [MainThread]:   query_tag: None
[0m12:32:02.080399 [info ] [MainThread]:   client_session_keep_alive: False
[0m12:32:02.080399 [info ] [MainThread]:   host: None
[0m12:32:02.082705 [info ] [MainThread]:   port: None
[0m12:32:02.084429 [info ] [MainThread]:   proxy_host: None
[0m12:32:02.085822 [info ] [MainThread]:   proxy_port: None
[0m12:32:02.086557 [info ] [MainThread]:   protocol: None
[0m12:32:02.090286 [info ] [MainThread]:   connect_retries: 1
[0m12:32:02.091839 [info ] [MainThread]:   connect_timeout: None
[0m12:32:02.093414 [info ] [MainThread]:   retry_on_database_errors: False
[0m12:32:02.094862 [info ] [MainThread]:   retry_all: False
[0m12:32:02.094862 [info ] [MainThread]:   insecure_mode: False
[0m12:32:02.094862 [info ] [MainThread]:   reuse_connections: None
[0m12:32:02.097177 [info ] [MainThread]: Registered adapter: snowflake=1.8.3
[0m12:32:02.099771 [debug] [MainThread]: Acquiring new snowflake connection 'debug'
[0m12:32:02.101342 [debug] [MainThread]: Using snowflake connection "debug"
[0m12:32:02.102193 [debug] [MainThread]: On debug: select 1 as id
[0m12:32:02.102193 [debug] [MainThread]: Opening a new connection, currently in state init
[0m12:32:03.833394 [debug] [MainThread]: SQL status: SUCCESS 1 in 1.731 seconds
[0m12:32:03.835751 [debug] [MainThread]: On debug: Close
[0m12:32:04.024630 [info ] [MainThread]:   Connection test: [[32mOK connection ok[0m]

[0m12:32:04.024630 [info ] [MainThread]: [31m1 check failed:[0m
[0m12:32:04.032591 [info ] [MainThread]: Project loading failed for the following reason:
 project path <C:\Users\HP\OneDrive\Desktop\dbt_snow\dbt_snowflake\dbt_project.yml> not found

[0m12:32:04.036194 [debug] [MainThread]: Command `dbt debug` failed at 12:32:04.036194 after 2.50 seconds
[0m12:32:04.037898 [debug] [MainThread]: Connection 'debug' was properly closed.
[0m12:32:04.038401 [debug] [MainThread]: Sending event: {'category': 'dbt', 'action': 'invocation', 'label': 'end', 'context': [<snowplow_tracker.self_describing_json.SelfDescribingJson object at 0x000001E48AF6F950>, <snowplow_tracker.self_describing_json.SelfDescribingJson object at 0x000001E48DA4ECC0>, <snowplow_tracker.self_describing_json.SelfDescribingJson object at 0x000001E487A20FE0>]}
[0m12:32:04.039922 [debug] [MainThread]: Flushing usage events
[0m12:33:05.018469 [debug] [MainThread]: Sending event: {'category': 'dbt', 'action': 'invocation', 'label': 'start', 'context': [<snowplow_tracker.self_describing_json.SelfDescribingJson object at 0x0000027213E10830>, <snowplow_tracker.self_describing_json.SelfDescribingJson object at 0x00000272166BBA70>, <snowplow_tracker.self_describing_json.SelfDescribingJson object at 0x00000272166BBB00>]}


============================== 12:33:05.018469 | e8e79e00-6bd6-456c-b830-1c6e7165d938 ==============================
[0m12:33:05.018469 [info ] [MainThread]: Running with dbt=1.8.3
[0m12:33:05.018469 [debug] [MainThread]: running dbt with arguments {'printer_width': '80', 'indirect_selection': 'eager', 'log_cache_events': 'False', 'write_json': 'True', 'partial_parse': 'True', 'cache_selected_only': 'False', 'warn_error': 'None', 'version_check': 'True', 'profiles_dir': 'C:\\Users\\HP\\.dbt', 'log_path': 'logs', 'fail_fast': 'False', 'debug': 'False', 'use_colors': 'True', 'use_experimental_parser': 'False', 'empty': 'None', 'quiet': 'False', 'no_print': 'None', 'log_format': 'default', 'invocation_command': 'dbt debug', 'static_parser': 'True', 'warn_error_options': 'WarnErrorOptions(include=[], exclude=[])', 'target_path': 'None', 'introspect': 'True', 'send_anonymous_usage_stats': 'True'}
[0m12:33:05.029155 [info ] [MainThread]: dbt version: 1.8.3
[0m12:33:05.029155 [info ] [MainThread]: python version: 3.12.4
[0m12:33:05.041180 [info ] [MainThread]: python path: C:\Users\HP\OneDrive\Desktop\dbt_snow\dbt_snowflake\dbt-env\Scripts\python.exe
[0m12:33:05.042395 [info ] [MainThread]: os info: Windows-10-10.0.19045-SP0
[0m12:33:05.323961 [info ] [MainThread]: Using profiles dir at C:\Users\HP\.dbt
[0m12:33:05.323961 [info ] [MainThread]: Using profiles.yml file at C:\Users\HP\.dbt\profiles.yml
[0m12:33:05.323961 [info ] [MainThread]: Using dbt_project.yml file at C:\Users\HP\OneDrive\Desktop\dbt_snow\dbt_snowflake\dbt_project.yml
[0m12:33:05.338553 [info ] [MainThread]: adapter type: snowflake
[0m12:33:05.338553 [info ] [MainThread]: adapter version: 1.8.3
[0m12:33:05.340952 [info ] [MainThread]: Configuration:
[0m12:33:05.342078 [info ] [MainThread]:   profiles.yml file [[32mOK found and valid[0m]
[0m12:33:05.344166 [info ] [MainThread]:   dbt_project.yml file [[31mERROR not found[0m]
[0m12:33:05.345905 [info ] [MainThread]: Required dependencies:
[0m12:33:05.347335 [debug] [MainThread]: Executing "git --help"
[0m12:33:05.383836 [debug] [MainThread]: STDOUT: "b"usage: git [-v | --version] [-h | --help] [-C <path>] [-c <name>=<value>]\n           [--exec-path[=<path>]] [--html-path] [--man-path] [--info-path]\n           [-p | --paginate | -P | --no-pager] [--no-replace-objects] [--bare]\n           [--git-dir=<path>] [--work-tree=<path>] [--namespace=<name>]\n           [--config-env=<name>=<envvar>] <command> [<args>]\n\nThese are common Git commands used in various situations:\n\nstart a working area (see also: git help tutorial)\n   clone     Clone a repository into a new directory\n   init      Create an empty Git repository or reinitialize an existing one\n\nwork on the current change (see also: git help everyday)\n   add       Add file contents to the index\n   mv        Move or rename a file, a directory, or a symlink\n   restore   Restore working tree files\n   rm        Remove files from the working tree and from the index\n\nexamine the history and state (see also: git help revisions)\n   bisect    Use binary search to find the commit that introduced a bug\n   diff      Show changes between commits, commit and working tree, etc\n   grep      Print lines matching a pattern\n   log       Show commit logs\n   show      Show various types of objects\n   status    Show the working tree status\n\ngrow, mark and tweak your common history\n   branch    List, create, or delete branches\n   commit    Record changes to the repository\n   merge     Join two or more development histories together\n   rebase    Reapply commits on top of another base tip\n   reset     Reset current HEAD to the specified state\n   switch    Switch branches\n   tag       Create, list, delete or verify a tag object signed with GPG\n\ncollaborate (see also: git help workflows)\n   fetch     Download objects and refs from another repository\n   pull      Fetch from and integrate with another repository or a local branch\n   push      Update remote refs along with associated objects\n\n'git help -a' and 'git help -g' list available subcommands and some\nconcept guides. See 'git help <command>' or 'git help <concept>'\nto read about a specific subcommand or concept.\nSee 'git help git' for an overview of the system.\n""
[0m12:33:05.383836 [debug] [MainThread]: STDERR: "b''"
[0m12:33:05.386010 [info ] [MainThread]:  - git [[32mOK found[0m]

[0m12:33:05.386010 [info ] [MainThread]: Connection:
[0m12:33:05.386010 [info ] [MainThread]:   account: tjisgpp-sm66144
[0m12:33:05.388834 [info ] [MainThread]:   user: PD
[0m12:33:05.388834 [info ] [MainThread]:   database: DEVIN
[0m12:33:05.388834 [info ] [MainThread]:   warehouse: COMPUTE_WH
[0m12:33:05.388834 [info ] [MainThread]:   role: DEVRAW
[0m12:33:05.388834 [info ] [MainThread]:   schema: Falcon
[0m12:33:05.393398 [info ] [MainThread]:   authenticator: None
[0m12:33:05.394585 [info ] [MainThread]:   oauth_client_id: None
[0m12:33:05.396786 [info ] [MainThread]:   query_tag: None
[0m12:33:05.398562 [info ] [MainThread]:   client_session_keep_alive: False
[0m12:33:05.400652 [info ] [MainThread]:   host: None
[0m12:33:05.403361 [info ] [MainThread]:   port: None
[0m12:33:05.405082 [info ] [MainThread]:   proxy_host: None
[0m12:33:05.405513 [info ] [MainThread]:   proxy_port: None
[0m12:33:05.405513 [info ] [MainThread]:   protocol: None
[0m12:33:05.405513 [info ] [MainThread]:   connect_retries: 1
[0m12:33:05.407911 [info ] [MainThread]:   connect_timeout: None
[0m12:33:05.407911 [info ] [MainThread]:   retry_on_database_errors: False
[0m12:33:05.407911 [info ] [MainThread]:   retry_all: False
[0m12:33:05.407911 [info ] [MainThread]:   insecure_mode: False
[0m12:33:05.413377 [info ] [MainThread]:   reuse_connections: None
[0m12:33:05.415342 [info ] [MainThread]: Registered adapter: snowflake=1.8.3
[0m12:33:05.415342 [debug] [MainThread]: Acquiring new snowflake connection 'debug'
[0m12:33:05.420450 [debug] [MainThread]: Using snowflake connection "debug"
[0m12:33:05.420450 [debug] [MainThread]: On debug: select 1 as id
[0m12:33:05.420450 [debug] [MainThread]: Opening a new connection, currently in state init
[0m12:33:06.487655 [debug] [MainThread]: SQL status: SUCCESS 1 in 1.072 seconds
[0m12:33:06.487655 [debug] [MainThread]: On debug: Close
[0m12:33:06.694051 [info ] [MainThread]:   Connection test: [[32mOK connection ok[0m]

[0m12:33:06.695401 [info ] [MainThread]: [31m1 check failed:[0m
[0m12:33:06.696192 [info ] [MainThread]: Project loading failed for the following reason:
 project path <C:\Users\HP\OneDrive\Desktop\dbt_snow\dbt_snowflake\dbt_project.yml> not found

[0m12:33:06.698061 [debug] [MainThread]: Command `dbt debug` failed at 12:33:06.698061 after 1.80 seconds
[0m12:33:06.698610 [debug] [MainThread]: Connection 'debug' was properly closed.
[0m12:33:06.699113 [debug] [MainThread]: Sending event: {'category': 'dbt', 'action': 'invocation', 'label': 'end', 'context': [<snowplow_tracker.self_describing_json.SelfDescribingJson object at 0x0000027213E10830>, <snowplow_tracker.self_describing_json.SelfDescribingJson object at 0x0000027215EBEF90>, <snowplow_tracker.self_describing_json.SelfDescribingJson object at 0x0000027216813EF0>]}
[0m12:33:06.699113 [debug] [MainThread]: Flushing usage events
[0m12:33:12.727193 [debug] [MainThread]: Error sending anonymous usage statistics. Disabling tracking for this execution. If you wish to permanently disable tracking, see: https://docs.getdbt.com/reference/global-configs#send-anonymous-usage-stats.
[0m12:33:23.519684 [debug] [MainThread]: Sending event: {'category': 'dbt', 'action': 'invocation', 'label': 'start', 'context': [<snowplow_tracker.self_describing_json.SelfDescribingJson object at 0x0000029446AE58B0>, <snowplow_tracker.self_describing_json.SelfDescribingJson object at 0x00000294471AAA80>, <snowplow_tracker.self_describing_json.SelfDescribingJson object at 0x00000294471A9D60>]}


============================== 12:33:23.519684 | dea95819-3b87-4f65-b25f-b51c6ff82114 ==============================
[0m12:33:23.519684 [info ] [MainThread]: Running with dbt=1.8.3
[0m12:33:23.526842 [debug] [MainThread]: running dbt with arguments {'printer_width': '80', 'indirect_selection': 'eager', 'write_json': 'True', 'log_cache_events': 'False', 'partial_parse': 'True', 'cache_selected_only': 'False', 'warn_error': 'None', 'debug': 'False', 'version_check': 'True', 'log_path': 'logs', 'fail_fast': 'False', 'profiles_dir': 'C:\\Users\\HP\\.dbt', 'use_colors': 'True', 'use_experimental_parser': 'False', 'empty': 'None', 'quiet': 'False', 'no_print': 'None', 'warn_error_options': 'WarnErrorOptions(include=[], exclude=[])', 'static_parser': 'True', 'invocation_command': 'dbt init postgres', 'log_format': 'default', 'target_path': 'None', 'introspect': 'True', 'send_anonymous_usage_stats': 'True'}
[0m12:33:23.538924 [debug] [MainThread]: Starter project path: C:\Users\HP\OneDrive\Desktop\dbt_snow\dbt_snowflake\dbt-env\Lib\site-packages\dbt\include\starter_project
[0m12:33:23.562996 [info ] [MainThread]: 
Your new dbt project "postgres" was created!

For more information on how to configure the profiles.yml file,
please consult the dbt documentation here:

  https://docs.getdbt.com/docs/configure-your-profile

One more thing:

Need help? Don't hesitate to reach out to us via GitHub issues or on Slack:

  https://community.getdbt.com/

Happy modeling!

[0m12:33:23.562996 [info ] [MainThread]: Setting up your profile.
[0m12:35:33.203156 [info ] [MainThread]: Profile postgres written to C:\Users\HP\.dbt\profiles.yml using target's profile_template.yml and your supplied values. Run 'dbt debug' to validate the connection.
[0m12:35:33.206077 [debug] [MainThread]: Command `dbt init` succeeded at 12:35:33.206077 after 129.77 seconds
[0m12:35:33.207061 [debug] [MainThread]: Sending event: {'category': 'dbt', 'action': 'invocation', 'label': 'end', 'context': [<snowplow_tracker.self_describing_json.SelfDescribingJson object at 0x0000029446B367E0>, <snowplow_tracker.self_describing_json.SelfDescribingJson object at 0x0000029447149580>, <snowplow_tracker.self_describing_json.SelfDescribingJson object at 0x0000029446AE57C0>]}
[0m12:35:33.207061 [debug] [MainThread]: Flushing usage events
[0m12:35:43.393572 [debug] [MainThread]: Sending event: {'category': 'dbt', 'action': 'invocation', 'label': 'start', 'context': [<snowplow_tracker.self_describing_json.SelfDescribingJson object at 0x0000011D5B0BDBB0>, <snowplow_tracker.self_describing_json.SelfDescribingJson object at 0x0000011D588405C0>, <snowplow_tracker.self_describing_json.SelfDescribingJson object at 0x0000011D5798FE00>]}


============================== 12:35:43.397581 | b4bbbf10-66ce-4983-a109-6433f0a63658 ==============================
[0m12:35:43.397581 [info ] [MainThread]: Running with dbt=1.8.3
[0m12:35:43.399578 [debug] [MainThread]: running dbt with arguments {'printer_width': '80', 'indirect_selection': 'eager', 'log_cache_events': 'False', 'write_json': 'True', 'partial_parse': 'True', 'cache_selected_only': 'False', 'profiles_dir': 'C:\\Users\\HP\\.dbt', 'version_check': 'True', 'fail_fast': 'False', 'log_path': 'logs', 'debug': 'False', 'warn_error': 'None', 'use_colors': 'True', 'use_experimental_parser': 'False', 'empty': 'None', 'quiet': 'False', 'no_print': 'None', 'warn_error_options': 'WarnErrorOptions(include=[], exclude=[])', 'invocation_command': 'dbt debug', 'static_parser': 'True', 'log_format': 'default', 'target_path': 'None', 'introspect': 'True', 'send_anonymous_usage_stats': 'True'}
[0m12:35:43.420125 [info ] [MainThread]: dbt version: 1.8.3
[0m12:35:43.421882 [info ] [MainThread]: python version: 3.12.4
[0m12:35:43.422380 [info ] [MainThread]: python path: C:\Users\HP\OneDrive\Desktop\dbt_snow\dbt_snowflake\dbt-env\Scripts\python.exe
[0m12:35:43.424391 [info ] [MainThread]: os info: Windows-10-10.0.19045-SP0
[0m12:35:43.768416 [info ] [MainThread]: Using profiles dir at C:\Users\HP\.dbt
[0m12:35:43.769414 [info ] [MainThread]: Using profiles.yml file at C:\Users\HP\.dbt\profiles.yml
[0m12:35:43.769414 [info ] [MainThread]: Using dbt_project.yml file at C:\Users\HP\OneDrive\Desktop\dbt_snow\dbt_snowflake\dbt_project.yml
[0m12:35:43.770412 [error] [MainThread]: Encountered an error:
Internal Error
  Profile should not be None if loading profile completed
[0m12:35:43.772538 [debug] [MainThread]: Command `dbt debug` failed at 12:35:43.772538 after 0.50 seconds
[0m12:35:43.772538 [debug] [MainThread]: Sending event: {'category': 'dbt', 'action': 'invocation', 'label': 'end', 'context': [<snowplow_tracker.self_describing_json.SelfDescribingJson object at 0x0000011D5B191880>, <snowplow_tracker.self_describing_json.SelfDescribingJson object at 0x0000011D5BE0CE30>, <snowplow_tracker.self_describing_json.SelfDescribingJson object at 0x0000011D5B2C4380>]}
[0m12:35:43.773656 [debug] [MainThread]: Flushing usage events
